<?xml version="1.0" encoding="UTF-8"?>
<!-- Generated by org.testng.reporters.JUnitXMLReporter -->
<testsuite ignored="0" hostname="Romanas-Air.fios-router.home" failures="1" tests="1" name="Test" time="0.068" errors="0" timestamp="2024-09-05T20:57:32 EDT">
  <testcase classname="Testcases.Tdtest" name="basetest" time="0.009">
    <failure type="java.lang.NullPointerException" message="Cannot invoke &amp;quot;java.util.Properties.getProperty(String)&amp;quot; because &amp;quot;this.prop&amp;quot; is null">
      <![CDATA[java.lang.NullPointerException: Cannot invoke "java.util.Properties.getProperty(String)" because "this.prop" is null
at Resources.BaseClass.initializeDriver(BaseClass.java:35)
at Testcases.Tdtest.basetest(Tdtest.java:19)
at java.base/java.util.ArrayList.forEach(ArrayList.java:1511)
... Removed 27 stack frames]]>
    </failure>
  </testcase> <!-- basetest -->
</testsuite> <!-- Test -->
